<?xml version="1.0" encoding="UTF-8"?>
<!-- Generated by org.testng.reporters.JUnitReportReporter -->
<testsuite hostname="LAPTOP-S30UMO8U" failures="0" tests="1" name="SearchTest" time="11.188" errors="0" timestamp="17 sij 2024 11:52:37 GMT" skipped="0">
  <testcase classname="SearchTest" name="websiteSearchTest" time="11.188"/>
</testsuite> <!-- SearchTest -->
