<?xml version="1.0" encoding="UTF-8"?>
<!-- Generated by org.testng.reporters.JUnitReportReporter -->
<testsuite hostname="LAPTOP-S30UMO8U" failures="0" tests="1" name="LoginTest" time="21.697" errors="0" timestamp="20 sij 2024 13:33:17 GMT" skipped="0">
  <testcase classname="LoginTest" name="userLoginTest" time="21.697"/>
</testsuite> <!-- LoginTest -->
