<?xml version="1.0" encoding="UTF-8"?>
<!-- Generated by org.testng.reporters.JUnitReportReporter -->
<testsuite hostname="LAPTOP-S30UMO8U" failures="0" tests="1" name="RegistrationTest" time="19.596" errors="0" timestamp="20 sij 2024 20:36:23 GMT" skipped="0">
  <testcase classname="RegistrationTest" name="userRegistrationTest" time="19.596"/>
</testsuite> <!-- RegistrationTest -->
